<?xml version="1.0" encoding="UTF-8"?>
<testng-results ignored="0" total="1" passed="1" failed="0" skipped="0">
  <reporter-output>
  </reporter-output>
  <suite started-at="2025-05-15T12:51:54 IST" name="Suite" finished-at="2025-05-15T12:52:30 IST" duration-ms="36039">
    <groups>
      <group name="Regression">
        <method signature="TC001_sub_for_register.account_Register()[pri:0, instance:com.medimention.testCases.TC001_sub_for_register@5c671d7f]" name="account_Register" class="com.medimention.testCases.TC001_sub_for_register"/>
      </group> <!-- Regression -->
    </groups>
    <test started-at="2025-05-15T12:51:54 IST" name="Test" finished-at="2025-05-15T12:52:30 IST" duration-ms="36039">
      <class name="com.medimention.testCases.TC001_sub_for_register">
        <test-method is-config="true" signature="setUP(java.lang.String,java.lang.String)[pri:0, instance:com.medimention.testCases.TC001_sub_for_register@5c671d7f]" started-at="2025-05-15T12:51:54 IST" name="setUP" finished-at="2025-05-15T12:52:17 IST" duration-ms="22993" status="PASS">
          <params>
            <param index="0">
              <value>
                <![CDATA[windows]]>
              </value>
            </param>
            <param index="1">
              <value>
                <![CDATA[chrome]]>
              </value>
            </param>
          </params>
          <reporter-output>
          </reporter-output>
        </test-method> <!-- setUP -->
        <test-method signature="account_Register()[pri:0, instance:com.medimention.testCases.TC001_sub_for_register@5c671d7f]" started-at="2025-05-15T12:52:17 IST" name="account_Register" finished-at="2025-05-15T12:52:30 IST" duration-ms="12590" status="PASS">
          <reporter-output>
          </reporter-output>
        </test-method> <!-- account_Register -->
      </class> <!-- com.medimention.testCases.TC001_sub_for_register -->
    </test> <!-- Test -->
  </suite> <!-- Suite -->
</testng-results>
